{"numFailedTestSuites":0,"numFailedTests":0,"numPassedTestSuites":1,"numPassedTests":6,"numPendingTestSuites":0,"numPendingTests":0,"numRuntimeErrorTestSuites":0,"numTodoTests":0,"numTotalTestSuites":1,"numTotalTests":6,"openHandles":[],"snapshot":{"added":0,"didUpdate":false,"failure":false,"filesAdded":0,"filesRemoved":0,"filesRemovedList":[],"filesUnmatched":0,"filesUpdated":0,"matched":0,"total":0,"unchecked":0,"uncheckedKeysByFile":[],"unmatched":0,"updated":0},"startTime":1774979499554,"success":true,"testResults":[{"assertionResults":[{"ancestorTitles":["scrape truth foundation"],"duration":9,"failing":false,"failureDetails":[],"failureMessages":[],"fullName":"scrape truth foundation reconciliation reports exact mismatches and blocking reasons","invocations":1,"location":null,"numPassingAsserts":3,"retryReasons":[],"startAt":1774979548220,"status":"passed","title":"reconciliation reports exact mismatches and blocking reasons"},{"ancestorTitles":["scrape truth foundation"],"duration":3,"failing":false,"failureDetails":[],"failureMessages":[],"fullName":"scrape truth foundation dealership gate passes when all launch thresholds are met","invocations":1,"location":null,"numPassingAsserts":3,"retryReasons":[],"startAt":1774979548232,"status":"passed","title":"dealership gate passes when all launch thresholds are met"},{"ancestorTitles":["scrape truth foundation"],"duration":2,"failing":false,"failureDetails":[],"failureMessages":[],"fullName":"scrape truth foundation dealership gate hard fails when VIN mismatch exists even if most metrics are healthy","invocations":1,"location":null,"numPassingAsserts":2,"retryReasons":[],"startAt":1774979548236,"status":"passed","title":"dealership gate hard fails when VIN mismatch exists even if most metrics are healthy"},{"ancestorTitles":["scrape truth foundation"],"duration":1,"failing":false,"failureDetails":[],"failureMessages":[],"fullName":"scrape truth foundation dealership gate fails until seven consecutive green days are reached","invocations":1,"location":null,"numPassingAsserts":2,"retryReasons":[],"startAt":1774979548239,"status":"passed","title":"dealership gate fails until seven consecutive green days are reached"},{"ancestorTitles":["scrape truth foundation"],"duration":1,"failing":false,"failureDetails":[],"failureMessages":[],"fullName":"scrape truth foundation carfax truthfulness fails if the system implies history when source is absent","invocations":1,"location":null,"numPassingAsserts":2,"retryReasons":[],"startAt":1774979548241,"status":"passed","title":"carfax truthfulness fails if the system implies history when source is absent"},{"ancestorTitles":["scrape truth foundation"],"duration":1,"failing":false,"failureDetails":[],"failureMessages":[],"fullName":"scrape truth foundation autopost layer gets a dealership-level scrape gate block reason","invocations":1,"location":null,"numPassingAsserts":2,"retryReasons":[],"startAt":1774979548242,"status":"passed","title":"autopost layer gets a dealership-level scrape gate block reason"}],"endTime":1774979548246,"message":"","name":"C:\\Users\\omino\\.openclaw\\workspace\\projects\\lotview\\server\\tests\\scrape-truth-foundation.test.ts","startTime":1774979499863,"status":"passed","summary":""}],"wasInterrupted":false}
