<?xml version="1.0" encoding="UTF-8"?>
<coverage generated="1768940459972" clover="3.2.0">
  <project timestamp="1768940459972" name="All files">
    <metrics statements="222" coveredstatements="216" conditionals="182" coveredconditionals="175" methods="51" coveredmethods="48" elements="455" coveredelements="439" complexity="0" loc="222" ncloc="222" packages="1" files="5" classes="5"/>
    <file name="background-helpers.ts" path="/home/runner/workspace/chrome-extension/src/background-helpers.ts">
      <metrics statements="65" coveredstatements="65" conditionals="67" coveredconditionals="66" methods="14" coveredmethods="14"/>
      <line num="3" count="34" type="stmt"/>
      <line num="14" count="34" type="stmt"/>
      <line num="15" count="34" type="stmt"/>
      <line num="16" count="34" type="stmt"/>
      <line num="18" count="34" type="stmt"/>
      <line num="23" count="34" type="stmt"/>
      <line num="24" count="34" type="stmt"/>
      <line num="25" count="34" type="stmt"/>
      <line num="26" count="34" type="stmt"/>
      <line num="28" count="34" type="stmt"/>
      <line num="42" count="34" type="stmt"/>
      <line num="46" count="34" type="cond" truecount="1" falsecount="0"/>
      <line num="47" count="28" type="stmt"/>
      <line num="48" count="28" type="stmt"/>
      <line num="50" count="26" type="cond" truecount="2" falsecount="0"/>
      <line num="51" count="10" type="cond" truecount="4" falsecount="0"/>
      <line num="52" count="4" type="stmt"/>
      <line num="54" count="6" type="cond" truecount="4" falsecount="0"/>
      <line num="55" count="4" type="stmt"/>
      <line num="59" count="18" type="cond" truecount="2" falsecount="0"/>
      <line num="60" count="7" type="stmt"/>
      <line num="63" count="11" type="stmt"/>
      <line num="64" count="18" type="cond" truecount="2" falsecount="0"/>
      <line num="67" count="11" type="cond" truecount="2" falsecount="0"/>
      <line num="68" count="2" type="cond" truecount="1" falsecount="1"/>
      <line num="71" count="9" type="stmt"/>
      <line num="73" count="2" type="stmt"/>
      <line num="77" count="34" type="stmt"/>
      <line num="78" count="13" type="stmt"/>
      <line num="79" count="13" type="stmt"/>
      <line num="80" count="11" type="cond" truecount="2" falsecount="0"/>
      <line num="81" count="8" type="stmt"/>
      <line num="82" count="40" type="cond" truecount="2" falsecount="0"/>
      <line num="85" count="2" type="stmt"/>
      <line num="89" count="34" type="stmt"/>
      <line num="90" count="9" type="stmt"/>
      <line num="93" count="34" type="stmt"/>
      <line num="94" count="9" type="stmt"/>
      <line num="95" count="9" type="stmt"/>
      <line num="98" count="34" type="stmt"/>
      <line num="99" count="1" type="stmt"/>
      <line num="102" count="34" type="stmt"/>
      <line num="107" count="12" type="cond" truecount="4" falsecount="0"/>
      <line num="108" count="8" type="stmt"/>
      <line num="109" count="8" type="stmt"/>
      <line num="116" count="34" type="stmt"/>
      <line num="124" count="8" type="cond" truecount="4" falsecount="0"/>
      <line num="125" count="6" type="stmt"/>
      <line num="126" count="6" type="stmt"/>
      <line num="133" count="34" type="stmt"/>
      <line num="140" count="10" type="cond" truecount="4" falsecount="0"/>
      <line num="141" count="9" type="stmt"/>
      <line num="142" count="9" type="stmt"/>
      <line num="150" count="34" type="stmt"/>
      <line num="156" count="9" type="cond" truecount="4" falsecount="0"/>
      <line num="157" count="8" type="stmt"/>
      <line num="158" count="8" type="stmt"/>
      <line num="165" count="34" type="stmt"/>
      <line num="169" count="6" type="cond" truecount="4" falsecount="0"/>
      <line num="170" count="5" type="stmt"/>
      <line num="171" count="5" type="cond" truecount="2" falsecount="0"/>
      <line num="174" count="34" type="stmt"/>
      <line num="175" count="4" type="stmt"/>
      <line num="178" count="34" type="stmt"/>
      <line num="179" count="4" type="cond" truecount="2" falsecount="0"/>
    </file>
    <file name="crypto.ts" path="/home/runner/workspace/chrome-extension/src/crypto.ts">
      <metrics statements="69" coveredstatements="66" conditionals="15" coveredconditionals="13" methods="15" coveredmethods="14"/>
      <line num="2" count="8" type="stmt"/>
      <line num="3" count="8" type="stmt"/>
      <line num="4" count="256" type="stmt"/>
      <line num="7" count="1" type="stmt"/>
      <line num="8" count="9" type="stmt"/>
      <line num="9" count="9" type="cond" truecount="5" falsecount="0"/>
      <line num="10" count="1" type="stmt"/>
      <line num="12" count="8" type="stmt"/>
      <line num="13" count="8" type="stmt"/>
      <line num="14" count="8" type="stmt"/>
      <line num="18" count="5" type="stmt"/>
      <line num="20" count="5" type="cond" truecount="1" falsecount="1"/>
      <line num="21" count="0" type="stmt"/>
      <line num="22" count="0" type="stmt"/>
      <line num="25" count="5" type="stmt"/>
      <line num="26" count="5" type="stmt"/>
      <line num="27" count="5" type="stmt"/>
      <line num="28" count="5" type="stmt"/>
      <line num="29" count="5" type="stmt"/>
      <line num="32" count="1" type="stmt"/>
      <line num="33" count="2" type="stmt"/>
      <line num="34" count="2" type="stmt"/>
      <line num="35" count="2" type="stmt"/>
      <line num="36" count="2" type="stmt"/>
      <line num="37" count="2" type="stmt"/>
      <line num="38" count="2" type="stmt"/>
      <line num="39" count="2" type="stmt"/>
      <line num="40" count="2" type="stmt"/>
      <line num="43" count="1" type="stmt"/>
      <line num="44" count="3" type="stmt"/>
      <line num="45" count="84" type="stmt"/>
      <line num="46" count="3" type="stmt"/>
      <line num="47" count="3" type="stmt"/>
      <line num="48" count="3" type="stmt"/>
      <line num="49" count="3" type="stmt"/>
      <line num="52" count="1" type="stmt"/>
      <line num="53" count="111" type="stmt"/>
      <line num="54" count="111" type="stmt"/>
      <line num="55" count="1776" type="stmt"/>
      <line num="58" count="1" type="stmt"/>
      <line num="59" count="14" type="stmt"/>
      <line num="63" count="6" type="stmt"/>
      <line num="64" count="6" type="stmt"/>
      <line num="65" count="6" type="stmt"/>
      <line num="72" count="6" type="stmt"/>
      <line num="73" count="6" type="stmt"/>
      <line num="74" count="192" type="stmt"/>
      <line num="83" count="1" type="stmt"/>
      <line num="89" count="6" type="stmt"/>
      <line num="90" count="6" type="stmt"/>
      <line num="92" count="6" type="stmt"/>
      <line num="94" count="6" type="stmt"/>
      <line num="102" count="6" type="stmt"/>
      <line num="104" count="6" type="stmt"/>
      <line num="106" count="6" type="stmt"/>
      <line num="113" count="1" type="stmt"/>
      <line num="114" count="1" type="stmt"/>
      <line num="116" count="1" type="stmt"/>
      <line num="117" count="5" type="stmt"/>
      <line num="118" count="5" type="stmt"/>
      <line num="120" count="5" type="cond" truecount="2" falsecount="0"/>
      <line num="121" count="2" type="stmt"/>
      <line num="124" count="3" type="cond" truecount="2" falsecount="0"/>
      <line num="125" count="1" type="stmt"/>
      <line num="128" count="2" type="stmt"/>
      <line num="130" count="2" type="stmt"/>
      <line num="131" count="3" type="cond" truecount="1" falsecount="1"/>
      <line num="132" count="0" type="stmt"/>
      <line num="136" count="2" type="stmt"/>
    </file>
    <file name="errors.ts" path="/home/runner/workspace/chrome-extension/src/errors.ts">
      <metrics statements="27" coveredstatements="27" conditionals="16" coveredconditionals="16" methods="5" coveredmethods="5"/>
      <line num="1" count="34" type="cond" truecount="2" falsecount="0"/>
      <line num="2" count="34" type="stmt"/>
      <line num="3" count="34" type="stmt"/>
      <line num="4" count="34" type="stmt"/>
      <line num="5" count="34" type="stmt"/>
      <line num="6" count="34" type="stmt"/>
      <line num="7" count="34" type="stmt"/>
      <line num="8" count="34" type="stmt"/>
      <line num="9" count="34" type="stmt"/>
      <line num="10" count="34" type="stmt"/>
      <line num="11" count="34" type="stmt"/>
      <line num="12" count="34" type="stmt"/>
      <line num="22" count="34" type="stmt"/>
      <line num="23" count="14" type="stmt"/>
      <line num="75" count="14" type="stmt"/>
      <line num="76" count="14" type="stmt"/>
      <line num="84" count="34" type="stmt"/>
      <line num="85" count="8" type="cond" truecount="8" falsecount="0"/>
      <line num="87" count="1" type="stmt"/>
      <line num="89" count="1" type="stmt"/>
      <line num="91" count="1" type="stmt"/>
      <line num="96" count="3" type="stmt"/>
      <line num="98" count="2" type="cond" truecount="2" falsecount="0"/>
      <line num="102" count="34" type="stmt"/>
      <line num="103" count="4" type="stmt"/>
      <line num="106" count="34" type="stmt"/>
      <line num="107" count="3" type="cond" truecount="2" falsecount="0"/>
    </file>
    <file name="sanitize.ts" path="/home/runner/workspace/chrome-extension/src/sanitize.ts">
      <metrics statements="33" coveredstatements="30" conditionals="22" coveredconditionals="18" methods="9" coveredmethods="7"/>
      <line num="1" count="1" type="stmt"/>
      <line num="3" count="1" type="stmt"/>
      <line num="14" count="1" type="stmt"/>
      <line num="15" count="28" type="cond" truecount="1" falsecount="1"/>
      <line num="18" count="1" type="stmt"/>
      <line num="19" count="5" type="stmt"/>
      <line num="20" count="5" type="stmt"/>
      <line num="21" count="6" type="cond" truecount="1" falsecount="1"/>
      <line num="22" count="6" type="stmt"/>
      <line num="23" count="6" type="cond" truecount="2" falsecount="0"/>
      <line num="24" count="2" type="stmt"/>
      <line num="25" count="4" type="cond" truecount="6" falsecount="0"/>
      <line num="26" count="2" type="stmt"/>
      <line num="27" count="2" type="cond" truecount="2" falsecount="0"/>
      <line num="28" count="2" type="cond" truecount="1" falsecount="1"/>
      <line num="29" count="1" type="cond" truecount="3" falsecount="1"/>
      <line num="30" count="1" type="stmt"/>
      <line num="32" count="0" type="stmt"/>
      <line num="36" count="5" type="stmt"/>
      <line num="39" count="1" type="stmt"/>
      <line num="40" count="2" type="stmt"/>
      <line num="43" count="1" type="stmt"/>
      <line num="45" count="1" type="stmt"/>
      <line num="46" count="5" type="stmt"/>
      <line num="47" count="5" type="stmt"/>
      <line num="48" count="3" type="cond" truecount="2" falsecount="0"/>
      <line num="50" count="2" type="stmt"/>
      <line num="54" count="1" type="stmt"/>
      <line num="55" count="9" type="stmt"/>
      <line num="62" count="1" type="stmt"/>
      <line num="63" count="0" type="stmt"/>
      <line num="71" count="1" type="stmt"/>
      <line num="72" count="0" type="stmt"/>
    </file>
    <file name="validators.ts" path="/home/runner/workspace/chrome-extension/src/validators.ts">
      <metrics statements="28" coveredstatements="28" conditionals="62" coveredconditionals="62" methods="8" coveredmethods="8"/>
      <line num="3" count="34" type="stmt"/>
      <line num="4" count="12" type="cond" truecount="4" falsecount="0"/>
      <line num="5" count="8" type="stmt"/>
      <line num="6" count="8" type="stmt"/>
      <line num="15" count="34" type="stmt"/>
      <line num="16" count="8" type="cond" truecount="2" falsecount="0"/>
      <line num="19" count="34" type="stmt"/>
      <line num="20" count="10" type="cond" truecount="4" falsecount="0"/>
      <line num="21" count="7" type="stmt"/>
      <line num="22" count="7" type="stmt"/>
      <line num="30" count="34" type="stmt"/>
      <line num="31" count="5" type="cond" truecount="2" falsecount="0"/>
      <line num="34" count="34" type="stmt"/>
      <line num="35" count="9" type="cond" truecount="4" falsecount="0"/>
      <line num="36" count="7" type="stmt"/>
      <line num="37" count="7" type="stmt"/>
      <line num="46" count="34" type="stmt"/>
      <line num="47" count="8" type="cond" truecount="4" falsecount="0"/>
      <line num="48" count="6" type="stmt"/>
      <line num="49" count="6" type="stmt"/>
      <line num="57" count="34" type="stmt"/>
      <line num="64" count="15" type="cond" truecount="4" falsecount="0"/>
      <line num="65" count="11" type="stmt"/>
      <line num="66" count="11" type="stmt"/>
      <line num="74" count="34" type="stmt"/>
      <line num="80" count="14" type="cond" truecount="4" falsecount="0"/>
      <line num="81" count="10" type="stmt"/>
      <line num="82" count="10" type="stmt"/>
    </file>
  </project>
</coverage>
