{"/home/runner/workspace/chrome-extension/src/background-helpers.ts": {"path":"/home/runner/workspace/chrome-extension/src/background-helpers.ts","statementMap":{"0":{"start":{"line":46,"column":0},"end":{"line":46,"column":16}},"1":{"start":{"line":77,"column":0},"end":{"line":77,"column":16}},"2":{"start":{"line":89,"column":0},"end":{"line":89,"column":16}},"3":{"start":{"line":93,"column":0},"end":{"line":93,"column":16}},"4":{"start":{"line":98,"column":0},"end":{"line":98,"column":16}},"5":{"start":{"line":102,"column":0},"end":{"line":102,"column":16}},"6":{"start":{"line":116,"column":0},"end":{"line":116,"column":16}},"7":{"start":{"line":133,"column":0},"end":{"line":133,"column":16}},"8":{"start":{"line":150,"column":0},"end":{"line":150,"column":16}},"9":{"start":{"line":165,"column":0},"end":{"line":165,"column":16}},"10":{"start":{"line":174,"column":0},"end":{"line":174,"column":16}},"11":{"start":{"line":178,"column":0},"end":{"line":178,"column":16}},"12":{"start":{"line":3,"column":13},"end":{"line":12,"column":2}},"13":{"start":{"line":14,"column":13},"end":{"line":14,"column":34}},"14":{"start":{"line":15,"column":13},"end":{"line":15,"column":53}},"15":{"start":{"line":16,"column":13},"end":{"line":16,"column":54}},"16":{"start":{"line":18,"column":13},"end":{"line":21,"column":2}},"17":{"start":{"line":23,"column":13},"end":{"line":23,"column":49}},"18":{"start":{"line":24,"column":13},"end":{"line":24,"column":63}},"19":{"start":{"line":25,"column":13},"end":{"line":25,"column":44}},"20":{"start":{"line":26,"column":13},"end":{"line":26,"column":34}},"21":{"start":{"line":28,"column":13},"end":{"line":40,"column":3}},"22":{"start":{"line":42,"column":13},"end":{"line":44,"column":3}},"23":{"start":{"line":47,"column":2},"end":{"line":74,"column":3}},"24":{"start":{"line":48,"column":19},"end":{"line":48,"column":31}},"25":{"start":{"line":50,"column":4},"end":{"line":57,"column":5}},"26":{"start":{"line":51,"column":6},"end":{"line":53,"column":7}},"27":{"start":{"line":52,"column":8},"end":{"line":52,"column":20}},"28":{"start":{"line":54,"column":6},"end":{"line":56,"column":7}},"29":{"start":{"line":55,"column":8},"end":{"line":55,"column":44}},"30":{"start":{"line":59,"column":4},"end":{"line":61,"column":5}},"31":{"start":{"line":60,"column":6},"end":{"line":60,"column":19}},"32":{"start":{"line":63,"column":28},"end":{"line":64,"column":null}},"33":{"start":{"line":64,"column":18},"end":{"line":64,"column":86}},"34":{"start":{"line":67,"column":4},"end":{"line":69,"column":5}},"35":{"start":{"line":68,"column":6},"end":{"line":68,"column":72}},"36":{"start":{"line":71,"column":4},"end":{"line":71,"column":27}},"37":{"start":{"line":73,"column":4},"end":{"line":73,"column":17}},"38":{"start":{"line":78,"column":2},"end":{"line":86,"column":3}},"39":{"start":{"line":79,"column":19},"end":{"line":79,"column":31}},"40":{"start":{"line":80,"column":4},"end":{"line":80,"column":51}},"41":{"start":{"line":80,"column":38},"end":{"line":80,"column":51}},"42":{"start":{"line":81,"column":4},"end":{"line":83,"column":6}},"43":{"start":{"line":82,"column":16},"end":{"line":82,"column":80}},"44":{"start":{"line":85,"column":4},"end":{"line":85,"column":17}},"45":{"start":{"line":90,"column":2},"end":{"line":90,"column":32}},"46":{"start":{"line":94,"column":18},"end":{"line":94,"column":40}},"47":{"start":{"line":95,"column":2},"end":{"line":95,"column":46}},"48":{"start":{"line":99,"column":2},"end":{"line":99,"column":36}},"49":{"start":{"line":107,"column":2},"end":{"line":107,"column":60}},"50":{"start":{"line":107,"column":47},"end":{"line":107,"column":60}},"51":{"start":{"line":108,"column":12},"end":{"line":108,"column":46}},"52":{"start":{"line":109,"column":2},"end":{"line":113,"column":4}},"53":{"start":{"line":124,"column":2},"end":{"line":124,"column":60}},"54":{"start":{"line":124,"column":47},"end":{"line":124,"column":60}},"55":{"start":{"line":125,"column":12},"end":{"line":125,"column":46}},"56":{"start":{"line":126,"column":2},"end":{"line":130,"column":4}},"57":{"start":{"line":140,"column":2},"end":{"line":140,"column":60}},"58":{"start":{"line":140,"column":47},"end":{"line":140,"column":60}},"59":{"start":{"line":141,"column":12},"end":{"line":141,"column":46}},"60":{"start":{"line":142,"column":2},"end":{"line":147,"column":4}},"61":{"start":{"line":156,"column":2},"end":{"line":156,"column":60}},"62":{"start":{"line":156,"column":47},"end":{"line":156,"column":60}},"63":{"start":{"line":157,"column":12},"end":{"line":157,"column":46}},"64":{"start":{"line":158,"column":2},"end":{"line":162,"column":4}},"65":{"start":{"line":169,"column":2},"end":{"line":169,"column":60}},"66":{"start":{"line":169,"column":47},"end":{"line":169,"column":60}},"67":{"start":{"line":170,"column":12},"end":{"line":170,"column":46}},"68":{"start":{"line":171,"column":2},"end":{"line":171,"column":75}},"69":{"start":{"line":175,"column":2},"end":{"line":175,"column":32}},"70":{"start":{"line":179,"column":2},"end":{"line":179,"column":60}}},"fnMap":{"0":{"name":"isValidServerUrl","decl":{"start":{"line":46,"column":16},"end":{"line":46,"column":32}},"loc":{"start":{"line":46,"column":68},"end":{"line":75,"column":1}}},"1":{"name":"(anonymous_1)","decl":{"start":{"line":64,"column":6},"end":{"line":64,"column":7}},"loc":{"start":{"line":64,"column":18},"end":{"line":64,"column":86}}},"2":{"name":"isAllowedImageHost","decl":{"start":{"line":77,"column":16},"end":{"line":77,"column":34}},"loc":{"start":{"line":77,"column":46},"end":{"line":87,"column":1}}},"3":{"name":"(anonymous_3)","decl":{"start":{"line":82,"column":6},"end":{"line":82,"column":7}},"loc":{"start":{"line":82,"column":16},"end":{"line":82,"column":80}}},"4":{"name":"isAuthExpired","decl":{"start":{"line":89,"column":16},"end":{"line":89,"column":29}},"loc":{"start":{"line":89,"column":47},"end":{"line":91,"column":1}}},"5":{"name":"shouldRefreshToken","decl":{"start":{"line":93,"column":16},"end":{"line":93,"column":34}},"loc":{"start":{"line":93,"column":52},"end":{"line":96,"column":1}}},"6":{"name":"calculateAuthExpiry","decl":{"start":{"line":98,"column":16},"end":{"line":98,"column":35}},"loc":{"start":{"line":98,"column":53},"end":{"line":100,"column":1}}},"7":{"name":"isValidLoginPayload","decl":{"start":{"line":102,"column":16},"end":{"line":102,"column":35}},"loc":{"start":{"line":102,"column":52},"end":{"line":114,"column":1}}},"8":{"name":"isValidPostingLogPayload","decl":{"start":{"line":116,"column":16},"end":{"line":116,"column":40}},"loc":{"start":{"line":116,"column":57},"end":{"line":131,"column":1}}},"9":{"name":"isValidFillContentPayload","decl":{"start":{"line":133,"column":16},"end":{"line":133,"column":41}},"loc":{"start":{"line":133,"column":58},"end":{"line":148,"column":1}}},"10":{"name":"isValidSaveTemplatePayload","decl":{"start":{"line":150,"column":16},"end":{"line":150,"column":42}},"loc":{"start":{"line":150,"column":59},"end":{"line":163,"column":1}}},"11":{"name":"isValidRequestPostingTokenPayload","decl":{"start":{"line":165,"column":16},"end":{"line":165,"column":49}},"loc":{"start":{"line":165,"column":66},"end":{"line":172,"column":1}}},"12":{"name":"sanitizeServerUrl","decl":{"start":{"line":174,"column":16},"end":{"line":174,"column":33}},"loc":{"start":{"line":174,"column":45},"end":{"line":176,"column":1}}},"13":{"name":"extractImageFilename","decl":{"start":{"line":178,"column":16},"end":{"line":178,"column":36}},"loc":{"start":{"line":178,"column":48},"end":{"line":180,"column":1}}}},"branchMap":{"0":{"loc":{"start":{"line":46,"column":46},"end":{"line":46,"column":68}},"type":"default-arg","locations":[{"start":{"line":46,"column":63},"end":{"line":46,"column":68}}]},"1":{"loc":{"start":{"line":50,"column":4},"end":{"line":57,"column":5}},"type":"if","locations":[{"start":{"line":50,"column":4},"end":{"line":57,"column":5}},{"start":{},"end":{}}]},"2":{"loc":{"start":{"line":51,"column":6},"end":{"line":53,"column":7}},"type":"if","locations":[{"start":{"line":51,"column":6},"end":{"line":53,"column":7}},{"start":{},"end":{}}]},"3":{"loc":{"start":{"line":51,"column":10},"end":{"line":51,"column":76}},"type":"binary-expr","locations":[{"start":{"line":51,"column":10},"end":{"line":51,"column":41}},{"start":{"line":51,"column":45},"end":{"line":51,"column":76}}]},"4":{"loc":{"start":{"line":54,"column":6},"end":{"line":56,"column":7}},"type":"if","locations":[{"start":{"line":54,"column":6},"end":{"line":56,"column":7}},{"start":{},"end":{}}]},"5":{"loc":{"start":{"line":54,"column":10},"end":{"line":54,"column":92}},"type":"binary-expr","locations":[{"start":{"line":54,"column":10},"end":{"line":54,"column":49}},{"start":{"line":54,"column":53},"end":{"line":54,"column":92}}]},"6":{"loc":{"start":{"line":59,"column":4},"end":{"line":61,"column":5}},"type":"if","locations":[{"start":{"line":59,"column":4},"end":{"line":61,"column":5}},{"start":{},"end":{}}]},"7":{"loc":{"start":{"line":64,"column":18},"end":{"line":64,"column":86}},"type":"binary-expr","locations":[{"start":{"line":64,"column":18},"end":{"line":64,"column":44}},{"start":{"line":64,"column":48},"end":{"line":64,"column":86}}]},"8":{"loc":{"start":{"line":67,"column":4},"end":{"line":69,"column":5}},"type":"if","locations":[{"start":{"line":67,"column":4},"end":{"line":69,"column":5}},{"start":{},"end":{}}]},"9":{"loc":{"start":{"line":68,"column":13},"end":{"line":68,"column":71}},"type":"binary-expr","locations":[{"start":{"line":68,"column":13},"end":{"line":68,"column":28}},{"start":{"line":68,"column":32},"end":{"line":68,"column":71}}]},"10":{"loc":{"start":{"line":80,"column":4},"end":{"line":80,"column":51}},"type":"if","locations":[{"start":{"line":80,"column":4},"end":{"line":80,"column":51}},{"start":{},"end":{}}]},"11":{"loc":{"start":{"line":82,"column":16},"end":{"line":82,"column":80}},"type":"binary-expr","locations":[{"start":{"line":82,"column":16},"end":{"line":82,"column":40}},{"start":{"line":82,"column":44},"end":{"line":82,"column":80}}]},"12":{"loc":{"start":{"line":107,"column":2},"end":{"line":107,"column":60}},"type":"if","locations":[{"start":{"line":107,"column":2},"end":{"line":107,"column":60}},{"start":{},"end":{}}]},"13":{"loc":{"start":{"line":107,"column":6},"end":{"line":107,"column":45}},"type":"binary-expr","locations":[{"start":{"line":107,"column":6},"end":{"line":107,"column":14}},{"start":{"line":107,"column":18},"end":{"line":107,"column":45}}]},"14":{"loc":{"start":{"line":110,"column":4},"end":{"line":112,"column":61}},"type":"binary-expr","locations":[{"start":{"line":110,"column":4},"end":{"line":110,"column":31}},{"start":{"line":110,"column":35},"end":{"line":110,"column":53}},{"start":{"line":111,"column":4},"end":{"line":111,"column":34}},{"start":{"line":111,"column":38},"end":{"line":111,"column":59}},{"start":{"line":112,"column":4},"end":{"line":112,"column":35}},{"start":{"line":112,"column":39},"end":{"line":112,"column":61}}]},"15":{"loc":{"start":{"line":124,"column":2},"end":{"line":124,"column":60}},"type":"if","locations":[{"start":{"line":124,"column":2},"end":{"line":124,"column":60}},{"start":{},"end":{}}]},"16":{"loc":{"start":{"line":124,"column":6},"end":{"line":124,"column":45}},"type":"binary-expr","locations":[{"start":{"line":124,"column":6},"end":{"line":124,"column":14}},{"start":{"line":124,"column":18},"end":{"line":124,"column":45}}]},"17":{"loc":{"start":{"line":127,"column":4},"end":{"line":129,"column":53}},"type":"binary-expr","locations":[{"start":{"line":127,"column":4},"end":{"line":127,"column":35}},{"start":{"line":128,"column":4},"end":{"line":128,"column":34}},{"start":{"line":129,"column":5},"end":{"line":129,"column":27}},{"start":{"line":129,"column":31},"end":{"line":129,"column":52}}]},"18":{"loc":{"start":{"line":140,"column":2},"end":{"line":140,"column":60}},"type":"if","locations":[{"start":{"line":140,"column":2},"end":{"line":140,"column":60}},{"start":{},"end":{}}]},"19":{"loc":{"start":{"line":140,"column":6},"end":{"line":140,"column":45}},"type":"binary-expr","locations":[{"start":{"line":140,"column":6},"end":{"line":140,"column":14}},{"start":{"line":140,"column":18},"end":{"line":140,"column":45}}]},"20":{"loc":{"start":{"line":143,"column":4},"end":{"line":146,"column":23}},"type":"binary-expr","locations":[{"start":{"line":143,"column":4},"end":{"line":143,"column":34}},{"start":{"line":144,"column":4},"end":{"line":144,"column":35}},{"start":{"line":145,"column":4},"end":{"line":145,"column":34}},{"start":{"line":146,"column":4},"end":{"line":146,"column":23}}]},"21":{"loc":{"start":{"line":156,"column":2},"end":{"line":156,"column":60}},"type":"if","locations":[{"start":{"line":156,"column":2},"end":{"line":156,"column":60}},{"start":{},"end":{}}]},"22":{"loc":{"start":{"line":156,"column":6},"end":{"line":156,"column":45}},"type":"binary-expr","locations":[{"start":{"line":156,"column":6},"end":{"line":156,"column":14}},{"start":{"line":156,"column":18},"end":{"line":156,"column":45}}]},"23":{"loc":{"start":{"line":159,"column":4},"end":{"line":161,"column":88}},"type":"binary-expr","locations":[{"start":{"line":159,"column":4},"end":{"line":159,"column":38}},{"start":{"line":159,"column":42},"end":{"line":159,"column":74}},{"start":{"line":160,"column":4},"end":{"line":160,"column":39}},{"start":{"line":160,"column":43},"end":{"line":160,"column":76}},{"start":{"line":161,"column":4},"end":{"line":161,"column":45}},{"start":{"line":161,"column":49},"end":{"line":161,"column":88}}]},"24":{"loc":{"start":{"line":169,"column":2},"end":{"line":169,"column":60}},"type":"if","locations":[{"start":{"line":169,"column":2},"end":{"line":169,"column":60}},{"start":{},"end":{}}]},"25":{"loc":{"start":{"line":169,"column":6},"end":{"line":169,"column":45}},"type":"binary-expr","locations":[{"start":{"line":169,"column":6},"end":{"line":169,"column":14}},{"start":{"line":169,"column":18},"end":{"line":169,"column":45}}]},"26":{"loc":{"start":{"line":171,"column":9},"end":{"line":171,"column":74}},"type":"binary-expr","locations":[{"start":{"line":171,"column":9},"end":{"line":171,"column":40}},{"start":{"line":171,"column":44},"end":{"line":171,"column":74}}]},"27":{"loc":{"start":{"line":179,"column":9},"end":{"line":179,"column":59}},"type":"binary-expr","locations":[{"start":{"line":179,"column":9},"end":{"line":179,"column":44}},{"start":{"line":179,"column":48},"end":{"line":179,"column":59}}]}},"s":{"0":34,"1":34,"2":34,"3":34,"4":34,"5":34,"6":34,"7":34,"8":34,"9":34,"10":34,"11":34,"12":34,"13":34,"14":34,"15":34,"16":34,"17":34,"18":34,"19":34,"20":34,"21":34,"22":34,"23":28,"24":28,"25":26,"26":10,"27":4,"28":6,"29":4,"30":18,"31":7,"32":11,"33":18,"34":11,"35":2,"36":9,"37":2,"38":13,"39":13,"40":11,"41":3,"42":8,"43":40,"44":2,"45":9,"46":9,"47":9,"48":1,"49":12,"50":4,"51":8,"52":8,"53":8,"54":2,"55":6,"56":6,"57":10,"58":1,"59":9,"60":9,"61":9,"62":1,"63":8,"64":8,"65":6,"66":1,"67":5,"68":5,"69":4,"70":4},"f":{"0":28,"1":18,"2":13,"3":40,"4":9,"5":9,"6":1,"7":12,"8":8,"9":10,"10":9,"11":6,"12":4,"13":4},"b":{"0":[17],"1":[10,16],"2":[4,6],"3":[10,8],"4":[4,2],"5":[6,3],"6":[7,11],"7":[18,14],"8":[2,9],"9":[2,0],"10":[3,8],"11":[40,36],"12":[4,8],"13":[12,10],"14":[8,6,5,4,3,2],"15":[2,6],"16":[8,7],"17":[6,4,3,2],"18":[1,9],"19":[10,9],"20":[9,7,5,3],"21":[1,8],"22":[9,8],"23":[8,7,6,5,4,3],"24":[1,5],"25":[6,5],"26":[5,3],"27":[4,1]}}
,"/home/runner/workspace/chrome-extension/src/crypto.ts": {"path":"/home/runner/workspace/chrome-extension/src/crypto.ts","statementMap":{"0":{"start":{"line":7,"column":0},"end":{"line":7,"column":7}},"1":{"start":{"line":32,"column":0},"end":{"line":32,"column":7}},"2":{"start":{"line":43,"column":0},"end":{"line":43,"column":7}},"3":{"start":{"line":52,"column":0},"end":{"line":52,"column":16}},"4":{"start":{"line":58,"column":0},"end":{"line":58,"column":16}},"5":{"start":{"line":83,"column":0},"end":{"line":83,"column":7}},"6":{"start":{"line":116,"column":0},"end":{"line":116,"column":16}},"7":{"start":{"line":2,"column":16},"end":{"line":2,"column":34}},"8":{"start":{"line":3,"column":2},"end":{"line":3,"column":32}},"9":{"start":{"line":4,"column":2},"end":{"line":4,"column":76}},"10":{"start":{"line":4,"column":34},"end":{"line":4,"column":65}},"11":{"start":{"line":8,"column":17},"end":{"line":8,"column":90}},"12":{"start":{"line":9,"column":2},"end":{"line":11,"column":3}},"13":{"start":{"line":10,"column":4},"end":{"line":10,"column":29}},"14":{"start":{"line":12,"column":17},"end":{"line":12,"column":36}},"15":{"start":{"line":13,"column":2},"end":{"line":13,"column":57}},"16":{"start":{"line":14,"column":2},"end":{"line":14,"column":16}},"17":{"start":{"line":18,"column":17},"end":{"line":18,"column":88}},"18":{"start":{"line":20,"column":2},"end":{"line":23,"column":3}},"19":{"start":{"line":21,"column":19},"end":{"line":21,"column":82}},"20":{"start":{"line":21,"column":66},"end":{"line":21,"column":81}},"21":{"start":{"line":22,"column":4},"end":{"line":22,"column":102}},"22":{"start":{"line":25,"column":14},"end":{"line":25,"column":109}},"23":{"start":{"line":26,"column":19},"end":{"line":26,"column":60}},"24":{"start":{"line":27,"column":20},"end":{"line":27,"column":74}},"25":{"start":{"line":28,"column":2},"end":{"line":28,"column":59}},"26":{"start":{"line":29,"column":2},"end":{"line":29,"column":13}},"27":{"start":{"line":33,"column":14},"end":{"line":33,"column":46}},"28":{"start":{"line":34,"column":13},"end":{"line":34,"column":55}},"29":{"start":{"line":35,"column":18},"end":{"line":35,"column":35}},"30":{"start":{"line":36,"column":20},"end":{"line":36,"column":100}},"31":{"start":{"line":37,"column":19},"end":{"line":37,"column":67}},"32":{"start":{"line":38,"column":2},"end":{"line":38,"column":19}},"33":{"start":{"line":39,"column":2},"end":{"line":39,"column":53}},"34":{"start":{"line":40,"column":2},"end":{"line":40,"column":48}},"35":{"start":{"line":44,"column":14},"end":{"line":44,"column":46}},"36":{"start":{"line":45,"column":19},"end":{"line":45,"column":80}},"37":{"start":{"line":45,"column":64},"end":{"line":45,"column":79}},"38":{"start":{"line":46,"column":13},"end":{"line":46,"column":34}},"39":{"start":{"line":47,"column":21},"end":{"line":47,"column":39}},"40":{"start":{"line":48,"column":20},"end":{"line":48,"column":89}},"41":{"start":{"line":49,"column":2},"end":{"line":49,"column":45}},"42":{"start":{"line":53,"column":16},"end":{"line":53,"column":34}},"43":{"start":{"line":54,"column":2},"end":{"line":54,"column":32}},"44":{"start":{"line":55,"column":2},"end":{"line":55,"column":76}},"45":{"start":{"line":55,"column":34},"end":{"line":55,"column":65}},"46":{"start":{"line":59,"column":2},"end":{"line":59,"column":39}},"47":{"start":{"line":63,"column":18},"end":{"line":63,"column":35}},"48":{"start":{"line":64,"column":18},"end":{"line":64,"column":37}},"49":{"start":{"line":65,"column":20},"end":{"line":70,"column":null}},"50":{"start":{"line":72,"column":22},"end":{"line":72,"column":45}},"51":{"start":{"line":73,"column":20},"end":{"line":73,"column":76}},"52":{"start":{"line":74,"column":2},"end":{"line":74,"column":96}},"53":{"start":{"line":74,"column":54},"end":{"line":74,"column":85}},"54":{"start":{"line":89,"column":20},"end":{"line":89,"column":34}},"55":{"start":{"line":90,"column":16},"end":{"line":90,"column":31}},"56":{"start":{"line":92,"column":21},"end":{"line":92,"column":50}},"57":{"start":{"line":94,"column":16},"end":{"line":101,"column":4}},"58":{"start":{"line":102,"column":18},"end":{"line":102,"column":34}},"59":{"start":{"line":104,"column":20},"end":{"line":104,"column":57}},"60":{"start":{"line":106,"column":2},"end":{"line":110,"column":4}},"61":{"start":{"line":113,"column":24},"end":{"line":113,"column":37}},"62":{"start":{"line":114,"column":19},"end":{"line":114,"column":44}},"63":{"start":{"line":117,"column":14},"end":{"line":117,"column":24}},"64":{"start":{"line":118,"column":22},"end":{"line":118,"column":38}},"65":{"start":{"line":120,"column":2},"end":{"line":122,"column":3}},"66":{"start":{"line":121,"column":4},"end":{"line":121,"column":17}},"67":{"start":{"line":124,"column":2},"end":{"line":126,"column":3}},"68":{"start":{"line":125,"column":4},"end":{"line":125,"column":17}},"69":{"start":{"line":128,"column":2},"end":{"line":128,"column":29}},"70":{"start":{"line":130,"column":2},"end":{"line":134,"column":3}},"71":{"start":{"line":131,"column":4},"end":{"line":133,"column":5}},"72":{"start":{"line":132,"column":6},"end":{"line":132,"column":29}},"73":{"start":{"line":136,"column":2},"end":{"line":136,"column":14}}},"fnMap":{"0":{"name":"generateKey","decl":{"start":{"line":1,"column":15},"end":{"line":1,"column":26}},"loc":{"start":{"line":1,"column":26},"end":{"line":5,"column":1}}},"1":{"name":"(anonymous_1)","decl":{"start":{"line":4,"column":27},"end":{"line":4,"column":28}},"loc":{"start":{"line":4,"column":34},"end":{"line":4,"column":65}}},"2":{"name":"getOrCreateSigningKey","decl":{"start":{"line":7,"column":22},"end":{"line":7,"column":43}},"loc":{"start":{"line":7,"column":43},"end":{"line":15,"column":1}}},"3":{"name":"getOrCreateEncryptionKey","decl":{"start":{"line":17,"column":15},"end":{"line":17,"column":39}},"loc":{"start":{"line":17,"column":39},"end":{"line":30,"column":1}}},"4":{"name":"(anonymous_4)","decl":{"start":{"line":21,"column":59},"end":{"line":21,"column":60}},"loc":{"start":{"line":21,"column":66},"end":{"line":21,"column":81}}},"5":{"name":"encryptToken","decl":{"start":{"line":32,"column":22},"end":{"line":32,"column":34}},"loc":{"start":{"line":32,"column":48},"end":{"line":41,"column":1}}},"6":{"name":"decryptToken","decl":{"start":{"line":43,"column":22},"end":{"line":43,"column":34}},"loc":{"start":{"line":43,"column":57},"end":{"line":50,"column":1}}},"7":{"name":"(anonymous_7)","decl":{"start":{"line":45,"column":57},"end":{"line":45,"column":58}},"loc":{"start":{"line":45,"column":64},"end":{"line":45,"column":79}}},"8":{"name":"generateNonce","decl":{"start":{"line":52,"column":16},"end":{"line":52,"column":29}},"loc":{"start":{"line":52,"column":29},"end":{"line":56,"column":1}}},"9":{"name":"(anonymous_9)","decl":{"start":{"line":55,"column":27},"end":{"line":55,"column":28}},"loc":{"start":{"line":55,"column":34},"end":{"line":55,"column":65}}},"10":{"name":"getTimestamp","decl":{"start":{"line":58,"column":16},"end":{"line":58,"column":28}},"loc":{"start":{"line":58,"column":28},"end":{"line":60,"column":1}}},"11":{"name":"hmacSha256","decl":{"start":{"line":62,"column":15},"end":{"line":62,"column":25}},"loc":{"start":{"line":62,"column":54},"end":{"line":75,"column":1}}},"12":{"name":"(anonymous_12)","decl":{"start":{"line":74,"column":47},"end":{"line":74,"column":48}},"loc":{"start":{"line":74,"column":54},"end":{"line":74,"column":85}}},"13":{"name":"signRequest","decl":{"start":{"line":83,"column":22},"end":{"line":83,"column":33}},"loc":{"start":{"line":87,"column":15},"end":{"line":111,"column":1}}},"14":{"name":"isNonceValid","decl":{"start":{"line":116,"column":16},"end":{"line":116,"column":28}},"loc":{"start":{"line":116,"column":61},"end":{"line":137,"column":1}}}},"branchMap":{"0":{"loc":{"start":{"line":9,"column":2},"end":{"line":11,"column":3}},"type":"if","locations":[{"start":{"line":9,"column":2},"end":{"line":11,"column":3}},{"start":{},"end":{}}]},"1":{"loc":{"start":{"line":9,"column":6},"end":{"line":9,"column":99}},"type":"binary-expr","locations":[{"start":{"line":9,"column":6},"end":{"line":9,"column":23}},{"start":{"line":9,"column":27},"end":{"line":9,"column":64}},{"start":{"line":9,"column":68},"end":{"line":9,"column":99}}]},"2":{"loc":{"start":{"line":20,"column":2},"end":{"line":23,"column":3}},"type":"if","locations":[{"start":{"line":20,"column":2},"end":{"line":23,"column":3}},{"start":{},"end":{}}]},"3":{"loc":{"start":{"line":100,"column":4},"end":{"line":100,"column":14}},"type":"binary-expr","locations":[{"start":{"line":100,"column":4},"end":{"line":100,"column":8}},{"start":{"line":100,"column":12},"end":{"line":100,"column":14}}]},"4":{"loc":{"start":{"line":120,"column":2},"end":{"line":122,"column":3}},"type":"if","locations":[{"start":{"line":120,"column":2},"end":{"line":122,"column":3}},{"start":{},"end":{}}]},"5":{"loc":{"start":{"line":124,"column":2},"end":{"line":126,"column":3}},"type":"if","locations":[{"start":{"line":124,"column":2},"end":{"line":126,"column":3}},{"start":{},"end":{}}]},"6":{"loc":{"start":{"line":131,"column":4},"end":{"line":133,"column":5}},"type":"if","locations":[{"start":{"line":131,"column":4},"end":{"line":133,"column":5}},{"start":{},"end":{}}]}},"s":{"0":1,"1":1,"2":1,"3":1,"4":1,"5":1,"6":1,"7":8,"8":8,"9":8,"10":256,"11":9,"12":9,"13":1,"14":8,"15":8,"16":8,"17":5,"18":5,"19":0,"20":0,"21":0,"22":5,"23":5,"24":5,"25":5,"26":5,"27":2,"28":2,"29":2,"30":2,"31":2,"32":2,"33":2,"34":2,"35":3,"36":3,"37":84,"38":3,"39":3,"40":3,"41":3,"42":111,"43":111,"44":111,"45":1776,"46":14,"47":6,"48":6,"49":6,"50":6,"51":6,"52":6,"53":192,"54":6,"55":6,"56":6,"57":6,"58":6,"59":6,"60":6,"61":1,"62":1,"63":5,"64":5,"65":5,"66":2,"67":3,"68":1,"69":2,"70":2,"71":3,"72":0,"73":2},"f":{"0":8,"1":256,"2":9,"3":5,"4":0,"5":2,"6":3,"7":84,"8":111,"9":1776,"10":14,"11":6,"12":192,"13":6,"14":5},"b":{"0":[1,8],"1":[9,2,2],"2":[0,5],"3":[6,5],"4":[2,3],"5":[1,2],"6":[0,3]}}
,"/home/runner/workspace/chrome-extension/src/errors.ts": {"path":"/home/runner/workspace/chrome-extension/src/errors.ts","statementMap":{"0":{"start":{"line":22,"column":0},"end":{"line":22,"column":16}},"1":{"start":{"line":84,"column":0},"end":{"line":84,"column":16}},"2":{"start":{"line":102,"column":0},"end":{"line":102,"column":16}},"3":{"start":{"line":106,"column":0},"end":{"line":106,"column":16}},"4":{"start":{"line":1,"column":0},"end":{"line":1,"column":null}},"5":{"start":{"line":2,"column":2},"end":{"line":2,"column":null}},"6":{"start":{"line":3,"column":2},"end":{"line":3,"column":null}},"7":{"start":{"line":4,"column":2},"end":{"line":4,"column":null}},"8":{"start":{"line":5,"column":2},"end":{"line":5,"column":null}},"9":{"start":{"line":6,"column":2},"end":{"line":6,"column":null}},"10":{"start":{"line":7,"column":2},"end":{"line":7,"column":null}},"11":{"start":{"line":8,"column":2},"end":{"line":8,"column":null}},"12":{"start":{"line":9,"column":2},"end":{"line":9,"column":null}},"13":{"start":{"line":10,"column":2},"end":{"line":10,"column":null}},"14":{"start":{"line":11,"column":2},"end":{"line":11,"column":null}},"15":{"start":{"line":12,"column":2},"end":{"line":12,"column":null}},"16":{"start":{"line":23,"column":102},"end":{"line":73,"column":4}},"17":{"start":{"line":75,"column":23},"end":{"line":75,"column":37}},"18":{"start":{"line":76,"column":2},"end":{"line":81,"column":4}},"19":{"start":{"line":85,"column":2},"end":{"line":99,"column":3}},"20":{"start":{"line":87,"column":6},"end":{"line":87,"column":55}},"21":{"start":{"line":89,"column":6},"end":{"line":89,"column":60}},"22":{"start":{"line":91,"column":6},"end":{"line":91,"column":55}},"23":{"start":{"line":96,"column":6},"end":{"line":96,"column":55}},"24":{"start":{"line":98,"column":6},"end":{"line":98,"column":81}},"25":{"start":{"line":103,"column":2},"end":{"line":103,"column":26}},"26":{"start":{"line":107,"column":2},"end":{"line":107,"column":39}}},"fnMap":{"0":{"name":"(anonymous_0)","decl":{"start":{"line":1,"column":0},"end":{"line":1,"column":12}},"loc":{"start":{"line":1,"column":21},"end":{"line":13,"column":1}}},"1":{"name":"createError","decl":{"start":{"line":22,"column":16},"end":{"line":22,"column":27}},"loc":{"start":{"line":22,"column":61},"end":{"line":82,"column":1}}},"2":{"name":"parseHttpError","decl":{"start":{"line":84,"column":16},"end":{"line":84,"column":30}},"loc":{"start":{"line":84,"column":60},"end":{"line":100,"column":1}}},"3":{"name":"isOnline","decl":{"start":{"line":102,"column":16},"end":{"line":102,"column":24}},"loc":{"start":{"line":102,"column":24},"end":{"line":104,"column":1}}},"4":{"name":"isRetryable","decl":{"start":{"line":106,"column":16},"end":{"line":106,"column":27}},"loc":{"start":{"line":106,"column":50},"end":{"line":108,"column":1}}}},"branchMap":{"0":{"loc":{"start":{"line":1,"column":12},"end":{"line":1,"column":null}},"type":"binary-expr","locations":[{"start":{"line":1,"column":12},"end":{"line":1,"column":21}},{"start":{"line":1,"column":21},"end":{"line":1,"column":null}}]},"1":{"loc":{"start":{"line":78,"column":13},"end":{"line":78,"column":44}},"type":"binary-expr","locations":[{"start":{"line":78,"column":13},"end":{"line":78,"column":20}},{"start":{"line":78,"column":24},"end":{"line":78,"column":44}}]},"2":{"loc":{"start":{"line":85,"column":2},"end":{"line":99,"column":3}},"type":"switch","locations":[{"start":{"line":86,"column":4},"end":{"line":87,"column":55}},{"start":{"line":88,"column":4},"end":{"line":89,"column":60}},{"start":{"line":90,"column":4},"end":{"line":91,"column":55}},{"start":{"line":92,"column":4},"end":{"line":92,"column":13}},{"start":{"line":93,"column":4},"end":{"line":93,"column":13}},{"start":{"line":94,"column":4},"end":{"line":94,"column":13}},{"start":{"line":95,"column":4},"end":{"line":96,"column":55}},{"start":{"line":97,"column":4},"end":{"line":98,"column":81}}]},"3":{"loc":{"start":{"line":98,"column":44},"end":{"line":98,"column":79}},"type":"binary-expr","locations":[{"start":{"line":98,"column":44},"end":{"line":98,"column":48}},{"start":{"line":98,"column":52},"end":{"line":98,"column":79}}]},"4":{"loc":{"start":{"line":107,"column":9},"end":{"line":107,"column":38}},"type":"binary-expr","locations":[{"start":{"line":107,"column":9},"end":{"line":107,"column":24}},{"start":{"line":107,"column":28},"end":{"line":107,"column":38}}]}},"s":{"0":34,"1":34,"2":34,"3":34,"4":34,"5":34,"6":34,"7":34,"8":34,"9":34,"10":34,"11":34,"12":34,"13":34,"14":34,"15":34,"16":14,"17":14,"18":14,"19":8,"20":1,"21":1,"22":1,"23":3,"24":2,"25":4,"26":3},"f":{"0":34,"1":14,"2":8,"3":4,"4":3},"b":{"0":[34,34],"1":[14,11],"2":[1,1,1,1,2,3,3,2],"3":[2,1],"4":[3,2]}}
,"/home/runner/workspace/chrome-extension/src/sanitize.ts": {"path":"/home/runner/workspace/chrome-extension/src/sanitize.ts","statementMap":{"0":{"start":{"line":14,"column":0},"end":{"line":14,"column":16}},"1":{"start":{"line":18,"column":0},"end":{"line":18,"column":16}},"2":{"start":{"line":39,"column":0},"end":{"line":39,"column":16}},"3":{"start":{"line":45,"column":0},"end":{"line":45,"column":16}},"4":{"start":{"line":54,"column":0},"end":{"line":54,"column":16}},"5":{"start":{"line":62,"column":0},"end":{"line":62,"column":16}},"6":{"start":{"line":71,"column":0},"end":{"line":71,"column":16}},"7":{"start":{"line":1,"column":0},"end":{"line":1,"column":34}},"8":{"start":{"line":3,"column":46},"end":{"line":12,"column":2}},"9":{"start":{"line":15,"column":2},"end":{"line":15,"column":75}},"10":{"start":{"line":15,"column":46},"end":{"line":15,"column":73}},"11":{"start":{"line":19,"column":17},"end":{"line":19,"column":24}},"12":{"start":{"line":20,"column":2},"end":{"line":35,"column":3}},"13":{"start":{"line":21,"column":4},"end":{"line":34,"column":5}},"14":{"start":{"line":22,"column":20},"end":{"line":22,"column":29}},"15":{"start":{"line":23,"column":6},"end":{"line":33,"column":7}},"16":{"start":{"line":24,"column":8},"end":{"line":24,"column":57}},"17":{"start":{"line":25,"column":13},"end":{"line":33,"column":7}},"18":{"start":{"line":26,"column":8},"end":{"line":26,"column":45}},"19":{"start":{"line":27,"column":13},"end":{"line":33,"column":7}},"20":{"start":{"line":28,"column":8},"end":{"line":28,"column":101}},"21":{"start":{"line":28,"column":40},"end":{"line":28,"column":81}},"22":{"start":{"line":29,"column":13},"end":{"line":33,"column":7}},"23":{"start":{"line":30,"column":8},"end":{"line":30,"column":90}},"24":{"start":{"line":32,"column":8},"end":{"line":32,"column":45}},"25":{"start":{"line":36,"column":2},"end":{"line":36,"column":16}},"26":{"start":{"line":40,"column":2},"end":{"line":40,"column":43}},"27":{"start":{"line":43,"column":26},"end":{"line":43,"column":95}},"28":{"start":{"line":46,"column":2},"end":{"line":51,"column":3}},"29":{"start":{"line":47,"column":19},"end":{"line":47,"column":31}},"30":{"start":{"line":48,"column":4},"end":{"line":48,"column":71}},"31":{"start":{"line":50,"column":4},"end":{"line":50,"column":17}},"32":{"start":{"line":55,"column":2},"end":{"line":59,"column":5}},"33":{"start":{"line":63,"column":2},"end":{"line":68,"column":5}},"34":{"start":{"line":72,"column":2},"end":{"line":72,"column":82}}},"fnMap":{"0":{"name":"escapeHtml","decl":{"start":{"line":14,"column":16},"end":{"line":14,"column":26}},"loc":{"start":{"line":14,"column":38},"end":{"line":16,"column":1}}},"1":{"name":"(anonymous_2)","decl":{"start":{"line":15,"column":36},"end":{"line":15,"column":37}},"loc":{"start":{"line":15,"column":46},"end":{"line":15,"column":73}}},"2":{"name":"sanitizeFormData","decl":{"start":{"line":18,"column":16},"end":{"line":18,"column":32}},"loc":{"start":{"line":18,"column":75},"end":{"line":37,"column":1}}},"3":{"name":"(anonymous_4)","decl":{"start":{"line":28,"column":32},"end":{"line":28,"column":33}},"loc":{"start":{"line":28,"column":40},"end":{"line":28,"column":81}}},"4":{"name":"sanitizeNotificationText","decl":{"start":{"line":39,"column":16},"end":{"line":39,"column":40}},"loc":{"start":{"line":39,"column":56},"end":{"line":41,"column":1}}},"5":{"name":"isValidHttpsUrl","decl":{"start":{"line":45,"column":16},"end":{"line":45,"column":31}},"loc":{"start":{"line":45,"column":43},"end":{"line":52,"column":1}}},"6":{"name":"sanitizeTemplateOutput","decl":{"start":{"line":54,"column":16},"end":{"line":54,"column":38}},"loc":{"start":{"line":54,"column":55},"end":{"line":60,"column":1}}},"7":{"name":"sanitizeHtml","decl":{"start":{"line":62,"column":16},"end":{"line":62,"column":28}},"loc":{"start":{"line":62,"column":41},"end":{"line":69,"column":1}}},"8":{"name":"stripAllHtml","decl":{"start":{"line":71,"column":16},"end":{"line":71,"column":28}},"loc":{"start":{"line":71,"column":40},"end":{"line":73,"column":1}}}},"branchMap":{"0":{"loc":{"start":{"line":15,"column":46},"end":{"line":15,"column":73}},"type":"binary-expr","locations":[{"start":{"line":15,"column":46},"end":{"line":15,"column":65}},{"start":{"line":15,"column":69},"end":{"line":15,"column":73}}]},"1":{"loc":{"start":{"line":21,"column":4},"end":{"line":34,"column":5}},"type":"if","locations":[{"start":{"line":21,"column":4},"end":{"line":34,"column":5}},{"start":{},"end":{}}]},"2":{"loc":{"start":{"line":23,"column":6},"end":{"line":33,"column":7}},"type":"if","locations":[{"start":{"line":23,"column":6},"end":{"line":33,"column":7}},{"start":{"line":25,"column":13},"end":{"line":33,"column":7}}]},"3":{"loc":{"start":{"line":25,"column":13},"end":{"line":33,"column":7}},"type":"if","locations":[{"start":{"line":25,"column":13},"end":{"line":33,"column":7}},{"start":{"line":27,"column":13},"end":{"line":33,"column":7}}]},"4":{"loc":{"start":{"line":25,"column":17},"end":{"line":25,"column":113}},"type":"binary-expr","locations":[{"start":{"line":25,"column":17},"end":{"line":25,"column":42}},{"start":{"line":25,"column":46},"end":{"line":25,"column":72}},{"start":{"line":25,"column":76},"end":{"line":25,"column":90}},{"start":{"line":25,"column":94},"end":{"line":25,"column":113}}]},"5":{"loc":{"start":{"line":27,"column":13},"end":{"line":33,"column":7}},"type":"if","locations":[{"start":{"line":27,"column":13},"end":{"line":33,"column":7}},{"start":{"line":29,"column":13},"end":{"line":33,"column":7}}]},"6":{"loc":{"start":{"line":28,"column":40},"end":{"line":28,"column":81}},"type":"cond-expr","locations":[{"start":{"line":28,"column":64},"end":{"line":28,"column":77}},{"start":{"line":28,"column":80},"end":{"line":28,"column":81}}]},"7":{"loc":{"start":{"line":29,"column":13},"end":{"line":33,"column":7}},"type":"if","locations":[{"start":{"line":29,"column":13},"end":{"line":33,"column":7}},{"start":{"line":31,"column":13},"end":{"line":33,"column":7}}]},"8":{"loc":{"start":{"line":29,"column":17},"end":{"line":29,"column":60}},"type":"binary-expr","locations":[{"start":{"line":29,"column":17},"end":{"line":29,"column":42}},{"start":{"line":29,"column":46},"end":{"line":29,"column":60}}]},"9":{"loc":{"start":{"line":48,"column":11},"end":{"line":48,"column":70}},"type":"binary-expr","locations":[{"start":{"line":48,"column":11},"end":{"line":48,"column":39}},{"start":{"line":48,"column":43},"end":{"line":48,"column":70}}]}},"s":{"0":1,"1":1,"2":1,"3":1,"4":1,"5":1,"6":1,"7":1,"8":1,"9":11,"10":28,"11":5,"12":5,"13":6,"14":6,"15":6,"16":2,"17":4,"18":2,"19":2,"20":1,"21":2,"22":1,"23":1,"24":0,"25":5,"26":2,"27":1,"28":5,"29":5,"30":3,"31":2,"32":9,"33":0,"34":0},"f":{"0":11,"1":28,"2":5,"3":2,"4":2,"5":5,"6":9,"7":0,"8":0},"b":{"0":[28,0],"1":[6,0],"2":[2,4],"3":[2,2],"4":[4,3,2,2],"5":[1,1],"6":[2,0],"7":[1,0],"8":[1,1],"9":[3,2]}}
,"/home/runner/workspace/chrome-extension/src/validators.ts": {"path":"/home/runner/workspace/chrome-extension/src/validators.ts","statementMap":{"0":{"start":{"line":3,"column":0},"end":{"line":3,"column":16}},"1":{"start":{"line":15,"column":0},"end":{"line":15,"column":16}},"2":{"start":{"line":19,"column":0},"end":{"line":19,"column":16}},"3":{"start":{"line":30,"column":0},"end":{"line":30,"column":16}},"4":{"start":{"line":34,"column":0},"end":{"line":34,"column":16}},"5":{"start":{"line":46,"column":0},"end":{"line":46,"column":16}},"6":{"start":{"line":57,"column":0},"end":{"line":57,"column":16}},"7":{"start":{"line":74,"column":0},"end":{"line":74,"column":16}},"8":{"start":{"line":4,"column":2},"end":{"line":4,"column":52}},"9":{"start":{"line":4,"column":39},"end":{"line":4,"column":52}},"10":{"start":{"line":5,"column":12},"end":{"line":5,"column":42}},"11":{"start":{"line":6,"column":2},"end":{"line":12,"column":4}},"12":{"start":{"line":16,"column":2},"end":{"line":16,"column":59}},"13":{"start":{"line":20,"column":2},"end":{"line":20,"column":52}},"14":{"start":{"line":20,"column":39},"end":{"line":20,"column":52}},"15":{"start":{"line":21,"column":12},"end":{"line":21,"column":42}},"16":{"start":{"line":22,"column":2},"end":{"line":27,"column":4}},"17":{"start":{"line":31,"column":2},"end":{"line":31,"column":53}},"18":{"start":{"line":35,"column":2},"end":{"line":35,"column":52}},"19":{"start":{"line":35,"column":39},"end":{"line":35,"column":52}},"20":{"start":{"line":36,"column":12},"end":{"line":36,"column":42}},"21":{"start":{"line":37,"column":2},"end":{"line":43,"column":4}},"22":{"start":{"line":47,"column":2},"end":{"line":47,"column":52}},"23":{"start":{"line":47,"column":39},"end":{"line":47,"column":52}},"24":{"start":{"line":48,"column":12},"end":{"line":48,"column":42}},"25":{"start":{"line":49,"column":2},"end":{"line":54,"column":4}},"26":{"start":{"line":64,"column":2},"end":{"line":64,"column":60}},"27":{"start":{"line":64,"column":47},"end":{"line":64,"column":60}},"28":{"start":{"line":65,"column":12},"end":{"line":65,"column":46}},"29":{"start":{"line":66,"column":2},"end":{"line":71,"column":4}},"30":{"start":{"line":80,"column":2},"end":{"line":80,"column":60}},"31":{"start":{"line":80,"column":47},"end":{"line":80,"column":60}},"32":{"start":{"line":81,"column":12},"end":{"line":81,"column":46}},"33":{"start":{"line":82,"column":2},"end":{"line":89,"column":4}}},"fnMap":{"0":{"name":"isVehicleSummary","decl":{"start":{"line":3,"column":16},"end":{"line":3,"column":32}},"loc":{"start":{"line":3,"column":45},"end":{"line":13,"column":1}}},"1":{"name":"isVehicleSummaryArray","decl":{"start":{"line":15,"column":16},"end":{"line":15,"column":37}},"loc":{"start":{"line":15,"column":50},"end":{"line":17,"column":1}}},"2":{"name":"isTemplate","decl":{"start":{"line":19,"column":16},"end":{"line":19,"column":26}},"loc":{"start":{"line":19,"column":39},"end":{"line":28,"column":1}}},"3":{"name":"isTemplateArray","decl":{"start":{"line":30,"column":16},"end":{"line":30,"column":31}},"loc":{"start":{"line":30,"column":44},"end":{"line":32,"column":1}}},"4":{"name":"isPostingLimits","decl":{"start":{"line":34,"column":16},"end":{"line":34,"column":31}},"loc":{"start":{"line":34,"column":44},"end":{"line":44,"column":1}}},"5":{"name":"isExtensionAuthState","decl":{"start":{"line":46,"column":16},"end":{"line":46,"column":36}},"loc":{"start":{"line":46,"column":49},"end":{"line":55,"column":1}}},"6":{"name":"isValidFillPayload","decl":{"start":{"line":57,"column":16},"end":{"line":57,"column":34}},"loc":{"start":{"line":57,"column":51},"end":{"line":72,"column":1}}},"7":{"name":"isValidSaveTemplatePayload","decl":{"start":{"line":74,"column":16},"end":{"line":74,"column":42}},"loc":{"start":{"line":74,"column":59},"end":{"line":90,"column":1}}}},"branchMap":{"0":{"loc":{"start":{"line":4,"column":2},"end":{"line":4,"column":52}},"type":"if","locations":[{"start":{"line":4,"column":2},"end":{"line":4,"column":52}},{"start":{},"end":{}}]},"1":{"loc":{"start":{"line":4,"column":6},"end":{"line":4,"column":37}},"type":"binary-expr","locations":[{"start":{"line":4,"column":6},"end":{"line":4,"column":10}},{"start":{"line":4,"column":14},"end":{"line":4,"column":37}}]},"2":{"loc":{"start":{"line":7,"column":4},"end":{"line":11,"column":27}},"type":"binary-expr","locations":[{"start":{"line":7,"column":4},"end":{"line":7,"column":28}},{"start":{"line":8,"column":5},"end":{"line":8,"column":31}},{"start":{"line":8,"column":35},"end":{"line":8,"column":55}},{"start":{"line":8,"column":59},"end":{"line":8,"column":74}},{"start":{"line":9,"column":5},"end":{"line":9,"column":31}},{"start":{"line":9,"column":35},"end":{"line":9,"column":55}},{"start":{"line":9,"column":59},"end":{"line":9,"column":74}},{"start":{"line":10,"column":5},"end":{"line":10,"column":32}},{"start":{"line":10,"column":36},"end":{"line":10,"column":57}},{"start":{"line":10,"column":61},"end":{"line":10,"column":77}},{"start":{"line":11,"column":4},"end":{"line":11,"column":27}}]},"3":{"loc":{"start":{"line":16,"column":9},"end":{"line":16,"column":58}},"type":"binary-expr","locations":[{"start":{"line":16,"column":9},"end":{"line":16,"column":27}},{"start":{"line":16,"column":31},"end":{"line":16,"column":58}}]},"4":{"loc":{"start":{"line":20,"column":2},"end":{"line":20,"column":52}},"type":"if","locations":[{"start":{"line":20,"column":2},"end":{"line":20,"column":52}},{"start":{},"end":{}}]},"5":{"loc":{"start":{"line":20,"column":6},"end":{"line":20,"column":37}},"type":"binary-expr","locations":[{"start":{"line":20,"column":6},"end":{"line":20,"column":10}},{"start":{"line":20,"column":14},"end":{"line":20,"column":37}}]},"6":{"loc":{"start":{"line":23,"column":4},"end":{"line":26,"column":45}},"type":"binary-expr","locations":[{"start":{"line":23,"column":4},"end":{"line":23,"column":28}},{"start":{"line":24,"column":4},"end":{"line":24,"column":38}},{"start":{"line":25,"column":4},"end":{"line":25,"column":39}},{"start":{"line":26,"column":4},"end":{"line":26,"column":45}}]},"7":{"loc":{"start":{"line":31,"column":9},"end":{"line":31,"column":52}},"type":"binary-expr","locations":[{"start":{"line":31,"column":9},"end":{"line":31,"column":27}},{"start":{"line":31,"column":31},"end":{"line":31,"column":52}}]},"8":{"loc":{"start":{"line":35,"column":2},"end":{"line":35,"column":52}},"type":"if","locations":[{"start":{"line":35,"column":2},"end":{"line":35,"column":52}},{"start":{},"end":{}}]},"9":{"loc":{"start":{"line":35,"column":6},"end":{"line":35,"column":37}},"type":"binary-expr","locations":[{"start":{"line":35,"column":6},"end":{"line":35,"column":10}},{"start":{"line":35,"column":14},"end":{"line":35,"column":37}}]},"10":{"loc":{"start":{"line":38,"column":4},"end":{"line":42,"column":29}},"type":"binary-expr","locations":[{"start":{"line":38,"column":4},"end":{"line":38,"column":36}},{"start":{"line":39,"column":4},"end":{"line":39,"column":36}},{"start":{"line":40,"column":4},"end":{"line":40,"column":35}},{"start":{"line":41,"column":4},"end":{"line":41,"column":40}},{"start":{"line":42,"column":4},"end":{"line":42,"column":29}}]},"11":{"loc":{"start":{"line":47,"column":2},"end":{"line":47,"column":52}},"type":"if","locations":[{"start":{"line":47,"column":2},"end":{"line":47,"column":52}},{"start":{},"end":{}}]},"12":{"loc":{"start":{"line":47,"column":6},"end":{"line":47,"column":37}},"type":"binary-expr","locations":[{"start":{"line":47,"column":6},"end":{"line":47,"column":10}},{"start":{"line":47,"column":14},"end":{"line":47,"column":37}}]},"13":{"loc":{"start":{"line":50,"column":4},"end":{"line":53,"column":38}},"type":"binary-expr","locations":[{"start":{"line":50,"column":4},"end":{"line":50,"column":31}},{"start":{"line":51,"column":4},"end":{"line":51,"column":22}},{"start":{"line":52,"column":4},"end":{"line":52,"column":32}},{"start":{"line":53,"column":4},"end":{"line":53,"column":38}}]},"14":{"loc":{"start":{"line":64,"column":2},"end":{"line":64,"column":60}},"type":"if","locations":[{"start":{"line":64,"column":2},"end":{"line":64,"column":60}},{"start":{},"end":{}}]},"15":{"loc":{"start":{"line":64,"column":6},"end":{"line":64,"column":45}},"type":"binary-expr","locations":[{"start":{"line":64,"column":6},"end":{"line":64,"column":14}},{"start":{"line":64,"column":18},"end":{"line":64,"column":45}}]},"16":{"loc":{"start":{"line":67,"column":4},"end":{"line":70,"column":23}},"type":"binary-expr","locations":[{"start":{"line":67,"column":4},"end":{"line":67,"column":34}},{"start":{"line":68,"column":4},"end":{"line":68,"column":35}},{"start":{"line":69,"column":4},"end":{"line":69,"column":34}},{"start":{"line":70,"column":4},"end":{"line":70,"column":23}}]},"17":{"loc":{"start":{"line":80,"column":2},"end":{"line":80,"column":60}},"type":"if","locations":[{"start":{"line":80,"column":2},"end":{"line":80,"column":60}},{"start":{},"end":{}}]},"18":{"loc":{"start":{"line":80,"column":6},"end":{"line":80,"column":45}},"type":"binary-expr","locations":[{"start":{"line":80,"column":6},"end":{"line":80,"column":14}},{"start":{"line":80,"column":18},"end":{"line":80,"column":45}}]},"19":{"loc":{"start":{"line":83,"column":4},"end":{"line":88,"column":43}},"type":"binary-expr","locations":[{"start":{"line":83,"column":4},"end":{"line":83,"column":38}},{"start":{"line":84,"column":4},"end":{"line":84,"column":36}},{"start":{"line":85,"column":4},"end":{"line":85,"column":39}},{"start":{"line":86,"column":4},"end":{"line":86,"column":37}},{"start":{"line":87,"column":4},"end":{"line":87,"column":45}},{"start":{"line":88,"column":4},"end":{"line":88,"column":43}}]}},"s":{"0":34,"1":34,"2":34,"3":34,"4":34,"5":34,"6":34,"7":34,"8":12,"9":4,"10":8,"11":8,"12":8,"13":10,"14":3,"15":7,"16":7,"17":5,"18":9,"19":2,"20":7,"21":7,"22":8,"23":2,"24":6,"25":6,"26":15,"27":4,"28":11,"29":11,"30":14,"31":4,"32":10,"33":10},"f":{"0":12,"1":8,"2":10,"3":5,"4":9,"5":8,"6":15,"7":14},"b":{"0":[4,8],"1":[12,10],"2":[8,5,3,1,5,2,1,5,2,1,5],"3":[8,4],"4":[3,7],"5":[10,8],"6":[7,7,4,3],"7":[5,3],"8":[2,7],"9":[9,8],"10":[7,5,3,2,2],"11":[2,6],"12":[8,7],"13":[6,5,4,3],"14":[4,11],"15":[15,13],"16":[11,8,6,4],"17":[4,10],"18":[14,12],"19":[10,7,6,5,4,3]}}
}
