TN:
SF:src/background-helpers.ts
FN:46,isValidServerUrl
FN:64,(anonymous_1)
FN:77,isAllowedImageHost
FN:82,(anonymous_3)
FN:89,isAuthExpired
FN:93,shouldRefreshToken
FN:98,calculateAuthExpiry
FN:102,isValidLoginPayload
FN:116,isValidPostingLogPayload
FN:133,isValidFillContentPayload
FN:150,isValidSaveTemplatePayload
FN:165,isValidRequestPostingTokenPayload
FN:174,sanitizeServerUrl
FN:178,extractImageFilename
FNF:14
FNH:14
FNDA:28,isValidServerUrl
FNDA:18,(anonymous_1)
FNDA:13,isAllowedImageHost
FNDA:40,(anonymous_3)
FNDA:9,isAuthExpired
FNDA:9,shouldRefreshToken
FNDA:1,calculateAuthExpiry
FNDA:12,isValidLoginPayload
FNDA:8,isValidPostingLogPayload
FNDA:10,isValidFillContentPayload
FNDA:9,isValidSaveTemplatePayload
FNDA:6,isValidRequestPostingTokenPayload
FNDA:4,sanitizeServerUrl
FNDA:4,extractImageFilename
DA:3,34
DA:14,34
DA:15,34
DA:16,34
DA:18,34
DA:23,34
DA:24,34
DA:25,34
DA:26,34
DA:28,34
DA:42,34
DA:46,34
DA:47,28
DA:48,28
DA:50,26
DA:51,10
DA:52,4
DA:54,6
DA:55,4
DA:59,18
DA:60,7
DA:63,11
DA:64,18
DA:67,11
DA:68,2
DA:71,9
DA:73,2
DA:77,34
DA:78,13
DA:79,13
DA:80,11
DA:81,8
DA:82,40
DA:85,2
DA:89,34
DA:90,9
DA:93,34
DA:94,9
DA:95,9
DA:98,34
DA:99,1
DA:102,34
DA:107,12
DA:108,8
DA:109,8
DA:116,34
DA:124,8
DA:125,6
DA:126,6
DA:133,34
DA:140,10
DA:141,9
DA:142,9
DA:150,34
DA:156,9
DA:157,8
DA:158,8
DA:165,34
DA:169,6
DA:170,5
DA:171,5
DA:174,34
DA:175,4
DA:178,34
DA:179,4
LF:65
LH:65
BRDA:46,0,0,17
BRDA:50,1,0,10
BRDA:50,1,1,16
BRDA:51,2,0,4
BRDA:51,2,1,6
BRDA:51,3,0,10
BRDA:51,3,1,8
BRDA:54,4,0,4
BRDA:54,4,1,2
BRDA:54,5,0,6
BRDA:54,5,1,3
BRDA:59,6,0,7
BRDA:59,6,1,11
BRDA:64,7,0,18
BRDA:64,7,1,14
BRDA:67,8,0,2
BRDA:67,8,1,9
BRDA:68,9,0,2
BRDA:68,9,1,0
BRDA:80,10,0,3
BRDA:80,10,1,8
BRDA:82,11,0,40
BRDA:82,11,1,36
BRDA:107,12,0,4
BRDA:107,12,1,8
BRDA:107,13,0,12
BRDA:107,13,1,10
BRDA:110,14,0,8
BRDA:110,14,1,6
BRDA:110,14,2,5
BRDA:110,14,3,4
BRDA:110,14,4,3
BRDA:110,14,5,2
BRDA:124,15,0,2
BRDA:124,15,1,6
BRDA:124,16,0,8
BRDA:124,16,1,7
BRDA:127,17,0,6
BRDA:127,17,1,4
BRDA:127,17,2,3
BRDA:127,17,3,2
BRDA:140,18,0,1
BRDA:140,18,1,9
BRDA:140,19,0,10
BRDA:140,19,1,9
BRDA:143,20,0,9
BRDA:143,20,1,7
BRDA:143,20,2,5
BRDA:143,20,3,3
BRDA:156,21,0,1
BRDA:156,21,1,8
BRDA:156,22,0,9
BRDA:156,22,1,8
BRDA:159,23,0,8
BRDA:159,23,1,7
BRDA:159,23,2,6
BRDA:159,23,3,5
BRDA:159,23,4,4
BRDA:159,23,5,3
BRDA:169,24,0,1
BRDA:169,24,1,5
BRDA:169,25,0,6
BRDA:169,25,1,5
BRDA:171,26,0,5
BRDA:171,26,1,3
BRDA:179,27,0,4
BRDA:179,27,1,1
BRF:67
BRH:66
end_of_record
TN:
SF:src/crypto.ts
FN:1,generateKey
FN:4,(anonymous_1)
FN:7,getOrCreateSigningKey
FN:17,getOrCreateEncryptionKey
FN:21,(anonymous_4)
FN:32,encryptToken
FN:43,decryptToken
FN:45,(anonymous_7)
FN:52,generateNonce
FN:55,(anonymous_9)
FN:58,getTimestamp
FN:62,hmacSha256
FN:74,(anonymous_12)
FN:83,signRequest
FN:116,isNonceValid
FNF:15
FNH:14
FNDA:8,generateKey
FNDA:256,(anonymous_1)
FNDA:9,getOrCreateSigningKey
FNDA:5,getOrCreateEncryptionKey
FNDA:0,(anonymous_4)
FNDA:2,encryptToken
FNDA:3,decryptToken
FNDA:84,(anonymous_7)
FNDA:111,generateNonce
FNDA:1776,(anonymous_9)
FNDA:14,getTimestamp
FNDA:6,hmacSha256
FNDA:192,(anonymous_12)
FNDA:6,signRequest
FNDA:5,isNonceValid
DA:2,8
DA:3,8
DA:4,256
DA:7,1
DA:8,9
DA:9,9
DA:10,1
DA:12,8
DA:13,8
DA:14,8
DA:18,5
DA:20,5
DA:21,0
DA:22,0
DA:25,5
DA:26,5
DA:27,5
DA:28,5
DA:29,5
DA:32,1
DA:33,2
DA:34,2
DA:35,2
DA:36,2
DA:37,2
DA:38,2
DA:39,2
DA:40,2
DA:43,1
DA:44,3
DA:45,84
DA:46,3
DA:47,3
DA:48,3
DA:49,3
DA:52,1
DA:53,111
DA:54,111
DA:55,1776
DA:58,1
DA:59,14
DA:63,6
DA:64,6
DA:65,6
DA:72,6
DA:73,6
DA:74,192
DA:83,1
DA:89,6
DA:90,6
DA:92,6
DA:94,6
DA:102,6
DA:104,6
DA:106,6
DA:113,1
DA:114,1
DA:116,1
DA:117,5
DA:118,5
DA:120,5
DA:121,2
DA:124,3
DA:125,1
DA:128,2
DA:130,2
DA:131,3
DA:132,0
DA:136,2
LF:69
LH:66
BRDA:9,0,0,1
BRDA:9,0,1,8
BRDA:9,1,0,9
BRDA:9,1,1,2
BRDA:9,1,2,2
BRDA:20,2,0,0
BRDA:20,2,1,5
BRDA:100,3,0,6
BRDA:100,3,1,5
BRDA:120,4,0,2
BRDA:120,4,1,3
BRDA:124,5,0,1
BRDA:124,5,1,2
BRDA:131,6,0,0
BRDA:131,6,1,3
BRF:15
BRH:13
end_of_record
TN:
SF:src/errors.ts
FN:1,(anonymous_0)
FN:22,createError
FN:84,parseHttpError
FN:102,isOnline
FN:106,isRetryable
FNF:5
FNH:5
FNDA:34,(anonymous_0)
FNDA:14,createError
FNDA:8,parseHttpError
FNDA:4,isOnline
FNDA:3,isRetryable
DA:1,34
DA:2,34
DA:3,34
DA:4,34
DA:5,34
DA:6,34
DA:7,34
DA:8,34
DA:9,34
DA:10,34
DA:11,34
DA:12,34
DA:22,34
DA:23,14
DA:75,14
DA:76,14
DA:84,34
DA:85,8
DA:87,1
DA:89,1
DA:91,1
DA:96,3
DA:98,2
DA:102,34
DA:103,4
DA:106,34
DA:107,3
LF:27
LH:27
BRDA:1,0,0,34
BRDA:1,0,1,34
BRDA:78,1,0,14
BRDA:78,1,1,11
BRDA:85,2,0,1
BRDA:85,2,1,1
BRDA:85,2,2,1
BRDA:85,2,3,1
BRDA:85,2,4,2
BRDA:85,2,5,3
BRDA:85,2,6,3
BRDA:85,2,7,2
BRDA:98,3,0,2
BRDA:98,3,1,1
BRDA:107,4,0,3
BRDA:107,4,1,2
BRF:16
BRH:16
end_of_record
TN:
SF:src/sanitize.ts
FN:14,escapeHtml
FN:15,(anonymous_2)
FN:18,sanitizeFormData
FN:28,(anonymous_4)
FN:39,sanitizeNotificationText
FN:45,isValidHttpsUrl
FN:54,sanitizeTemplateOutput
FN:62,sanitizeHtml
FN:71,stripAllHtml
FNF:9
FNH:7
FNDA:11,escapeHtml
FNDA:28,(anonymous_2)
FNDA:5,sanitizeFormData
FNDA:2,(anonymous_4)
FNDA:2,sanitizeNotificationText
FNDA:5,isValidHttpsUrl
FNDA:9,sanitizeTemplateOutput
FNDA:0,sanitizeHtml
FNDA:0,stripAllHtml
DA:1,1
DA:3,1
DA:14,1
DA:15,28
DA:18,1
DA:19,5
DA:20,5
DA:21,6
DA:22,6
DA:23,6
DA:24,2
DA:25,4
DA:26,2
DA:27,2
DA:28,2
DA:29,1
DA:30,1
DA:32,0
DA:36,5
DA:39,1
DA:40,2
DA:43,1
DA:45,1
DA:46,5
DA:47,5
DA:48,3
DA:50,2
DA:54,1
DA:55,9
DA:62,1
DA:63,0
DA:71,1
DA:72,0
LF:33
LH:30
BRDA:15,0,0,28
BRDA:15,0,1,0
BRDA:21,1,0,6
BRDA:21,1,1,0
BRDA:23,2,0,2
BRDA:23,2,1,4
BRDA:25,3,0,2
BRDA:25,3,1,2
BRDA:25,4,0,4
BRDA:25,4,1,3
BRDA:25,4,2,2
BRDA:25,4,3,2
BRDA:27,5,0,1
BRDA:27,5,1,1
BRDA:28,6,0,2
BRDA:28,6,1,0
BRDA:29,7,0,1
BRDA:29,7,1,0
BRDA:29,8,0,1
BRDA:29,8,1,1
BRDA:48,9,0,3
BRDA:48,9,1,2
BRF:22
BRH:18
end_of_record
TN:
SF:src/validators.ts
FN:3,isVehicleSummary
FN:15,isVehicleSummaryArray
FN:19,isTemplate
FN:30,isTemplateArray
FN:34,isPostingLimits
FN:46,isExtensionAuthState
FN:57,isValidFillPayload
FN:74,isValidSaveTemplatePayload
FNF:8
FNH:8
FNDA:12,isVehicleSummary
FNDA:8,isVehicleSummaryArray
FNDA:10,isTemplate
FNDA:5,isTemplateArray
FNDA:9,isPostingLimits
FNDA:8,isExtensionAuthState
FNDA:15,isValidFillPayload
FNDA:14,isValidSaveTemplatePayload
DA:3,34
DA:4,12
DA:5,8
DA:6,8
DA:15,34
DA:16,8
DA:19,34
DA:20,10
DA:21,7
DA:22,7
DA:30,34
DA:31,5
DA:34,34
DA:35,9
DA:36,7
DA:37,7
DA:46,34
DA:47,8
DA:48,6
DA:49,6
DA:57,34
DA:64,15
DA:65,11
DA:66,11
DA:74,34
DA:80,14
DA:81,10
DA:82,10
LF:28
LH:28
BRDA:4,0,0,4
BRDA:4,0,1,8
BRDA:4,1,0,12
BRDA:4,1,1,10
BRDA:7,2,0,8
BRDA:7,2,1,5
BRDA:7,2,2,3
BRDA:7,2,3,1
BRDA:7,2,4,5
BRDA:7,2,5,2
BRDA:7,2,6,1
BRDA:7,2,7,5
BRDA:7,2,8,2
BRDA:7,2,9,1
BRDA:7,2,10,5
BRDA:16,3,0,8
BRDA:16,3,1,4
BRDA:20,4,0,3
BRDA:20,4,1,7
BRDA:20,5,0,10
BRDA:20,5,1,8
BRDA:23,6,0,7
BRDA:23,6,1,7
BRDA:23,6,2,4
BRDA:23,6,3,3
BRDA:31,7,0,5
BRDA:31,7,1,3
BRDA:35,8,0,2
BRDA:35,8,1,7
BRDA:35,9,0,9
BRDA:35,9,1,8
BRDA:38,10,0,7
BRDA:38,10,1,5
BRDA:38,10,2,3
BRDA:38,10,3,2
BRDA:38,10,4,2
BRDA:47,11,0,2
BRDA:47,11,1,6
BRDA:47,12,0,8
BRDA:47,12,1,7
BRDA:50,13,0,6
BRDA:50,13,1,5
BRDA:50,13,2,4
BRDA:50,13,3,3
BRDA:64,14,0,4
BRDA:64,14,1,11
BRDA:64,15,0,15
BRDA:64,15,1,13
BRDA:67,16,0,11
BRDA:67,16,1,8
BRDA:67,16,2,6
BRDA:67,16,3,4
BRDA:80,17,0,4
BRDA:80,17,1,10
BRDA:80,18,0,14
BRDA:80,18,1,12
BRDA:83,19,0,10
BRDA:83,19,1,7
BRDA:83,19,2,6
BRDA:83,19,3,5
BRDA:83,19,4,4
BRDA:83,19,5,3
BRF:62
BRH:62
end_of_record
